<?xml version="1.0" encoding="UTF-8"?>
<testng-results ignored="1" total="2" passed="0" failed="1" skipped="0">
  <reporter-output>
  </reporter-output>
  <suite started-at="2024-03-18T23:03:22 IST" name="Default suite" finished-at="2024-03-18T23:03:44 IST" duration-ms="21615">
    <groups>
    </groups>
    <test started-at="2024-03-18T23:03:22 IST" name="Default test" finished-at="2024-03-18T23:03:44 IST" duration-ms="21615">
      <class name="webElements.ToResisterUserAndVerifyTest">
        <test-method is-config="true" signature="bs()[pri:0, instance:webElements.ToResisterUserAndVerifyTest@55634720]" started-at="2024-03-18T23:03:22 IST" name="bs" finished-at="2024-03-18T23:03:22 IST" duration-ms="6" status="PASS">
          <reporter-output>
          </reporter-output>
        </test-method> <!-- bs -->
        <test-method is-config="true" signature="bt()[pri:0, instance:webElements.ToResisterUserAndVerifyTest@55634720]" started-at="2024-03-18T23:03:22 IST" name="bt" finished-at="2024-03-18T23:03:22 IST" duration-ms="0" status="PASS">
          <reporter-output>
          </reporter-output>
        </test-method> <!-- bt -->
        <test-method is-config="true" signature="bc()[pri:0, instance:webElements.ToResisterUserAndVerifyTest@55634720]" started-at="2024-03-18T23:03:22 IST" name="bc" finished-at="2024-03-18T23:03:36 IST" duration-ms="13088" status="PASS">
          <reporter-output>
          </reporter-output>
        </test-method> <!-- bc -->
        <test-method is-config="true" signature="bm()[pri:0, instance:webElements.ToResisterUserAndVerifyTest@55634720]" started-at="2024-03-18T23:03:36 IST" name="bm" finished-at="2024-03-18T23:03:36 IST" duration-ms="2" status="PASS">
          <reporter-output>
          </reporter-output>
        </test-method> <!-- bm -->
        <test-method signature="toRegisterUserAndVerify()[pri:1, instance:webElements.ToResisterUserAndVerifyTest@55634720]" started-at="2024-03-18T23:03:36 IST" name="toRegisterUserAndVerify" finished-at="2024-03-18T23:03:38 IST" duration-ms="2236" status="FAIL">
          <exception class="java.lang.AssertionError">
            <message>
              <![CDATA[expected [true] but found [false]]]>
            </message>
            <full-stacktrace>
              <![CDATA[java.lang.AssertionError: expected [true] but found [false]
at org.testng.Assert.fail(Assert.java:99)
at org.testng.Assert.failNotEquals(Assert.java:1037)
at org.testng.Assert.assertTrue(Assert.java:45)
at org.testng.Assert.assertTrue(Assert.java:55)
at webElements.ToResisterUserAndVerifyTest.toRegisterUserAndVerify(ToResisterUserAndVerifyTest.java:29)
at java.base/jdk.internal.reflect.NativeMethodAccessorImpl.invoke0(Native Method)
at java.base/jdk.internal.reflect.NativeMethodAccessorImpl.invoke(NativeMethodAccessorImpl.java:77)
at java.base/jdk.internal.reflect.DelegatingMethodAccessorImpl.invoke(DelegatingMethodAccessorImpl.java:43)
at java.base/java.lang.reflect.Method.invoke(Method.java:568)
at org.testng.internal.MethodInvocationHelper.invokeMethod(MethodInvocationHelper.java:133)
at org.testng.internal.TestInvoker.invokeMethod(TestInvoker.java:598)
at org.testng.internal.TestInvoker.invokeTestMethod(TestInvoker.java:173)
at org.testng.internal.MethodRunner.runInSequence(MethodRunner.java:46)
at org.testng.internal.TestInvoker$MethodInvocationAgent.invoke(TestInvoker.java:824)
at org.testng.internal.TestInvoker.invokeTestMethods(TestInvoker.java:146)
at org.testng.internal.TestMethodWorker.invokeTestMethods(TestMethodWorker.java:146)
at org.testng.internal.TestMethodWorker.run(TestMethodWorker.java:128)
at java.base/java.util.ArrayList.forEach(ArrayList.java:1511)
at org.testng.TestRunner.privateRun(TestRunner.java:794)
at org.testng.TestRunner.run(TestRunner.java:596)
at org.testng.SuiteRunner.runTest(SuiteRunner.java:377)
at org.testng.SuiteRunner.runSequentially(SuiteRunner.java:371)
at org.testng.SuiteRunner.privateRun(SuiteRunner.java:332)
at org.testng.SuiteRunner.run(SuiteRunner.java:276)
at org.testng.SuiteRunnerWorker.runSuite(SuiteRunnerWorker.java:53)
at org.testng.SuiteRunnerWorker.run(SuiteRunnerWorker.java:96)
at org.testng.TestNG.runSuitesSequentially(TestNG.java:1212)
at org.testng.TestNG.runSuitesLocally(TestNG.java:1134)
at org.testng.TestNG.runSuites(TestNG.java:1063)
at org.testng.TestNG.run(TestNG.java:1031)
at org.testng.remote.AbstractRemoteTestNG.run(AbstractRemoteTestNG.java:115)
at org.testng.remote.RemoteTestNG.initAndRun(RemoteTestNG.java:251)
at org.testng.remote.RemoteTestNG.main(RemoteTestNG.java:77)
]]>
            </full-stacktrace>
          </exception> <!-- java.lang.AssertionError -->
          <reporter-output>
          </reporter-output>
        </test-method> <!-- toRegisterUserAndVerify -->
        <test-method is-config="true" signature="am()[pri:0, instance:webElements.ToResisterUserAndVerifyTest@55634720]" started-at="2024-03-18T23:03:38 IST" name="am" finished-at="2024-03-18T23:03:38 IST" duration-ms="0" status="PASS">
          <reporter-output>
          </reporter-output>
        </test-method> <!-- am -->
        <test-method is-config="true" signature="ac()[pri:0, instance:webElements.ToResisterUserAndVerifyTest@55634720]" started-at="2024-03-18T23:03:38 IST" name="ac" finished-at="2024-03-18T23:03:44 IST" duration-ms="6253" status="PASS">
          <reporter-output>
          </reporter-output>
        </test-method> <!-- ac -->
        <test-method is-config="true" signature="at()[pri:0, instance:webElements.ToResisterUserAndVerifyTest@55634720]" started-at="2024-03-18T23:03:44 IST" name="at" finished-at="2024-03-18T23:03:44 IST" duration-ms="0" status="PASS">
          <reporter-output>
          </reporter-output>
        </test-method> <!-- at -->
        <test-method is-config="true" signature="as()[pri:0, instance:webElements.ToResisterUserAndVerifyTest@55634720]" started-at="2024-03-18T23:03:44 IST" name="as" finished-at="2024-03-18T23:03:44 IST" duration-ms="0" status="PASS">
          <reporter-output>
          </reporter-output>
        </test-method> <!-- as -->
      </class> <!-- webElements.ToResisterUserAndVerifyTest -->
    </test> <!-- Default test -->
  </suite> <!-- Default suite -->
</testng-results>
